Using pre-set license
Built from '2021.3/staging' branch; Version is '2021.3.26f1 (a16dc32e0ff2) revision 10579395'; Using compiler version '192829333'; Build Type 'Release'
OS: 'Windows 10  (10.0.19045) 64bit Enterprise' Language: 'en' Physical Memory: 65224 MB
BatchMode: 1, IsHumanControllingUs: 0, StartBugReporterOnCrash: 0, Is64bit: 1, IsPro: 1

COMMAND LINE ARGUMENTS:
C:\Program Files\Unity\Hub\Editor\2021.3.26f1\Editor\Unity.exe
-adb2
-batchMode
-noUpm
-name
AssetImportWorker7
-projectPath
C:/Users/3d7428fd63a27131/Documents/GitHub/TowerDefense
-logFile
Logs/AssetImportWorker7.log
-srvPort
57856
Successfully changed project path to: C:/Users/3d7428fd63a27131/Documents/GitHub/TowerDefense
C:/Users/3d7428fd63a27131/Documents/GitHub/TowerDefense
[UnityMemory] Configuration Parameters - Can be set up in boot.config
    "memorysetup-bucket-allocator-granularity=16"
    "memorysetup-bucket-allocator-bucket-count=8"
    "memorysetup-bucket-allocator-block-size=33554432"
    "memorysetup-bucket-allocator-block-count=8"
    "memorysetup-main-allocator-block-size=16777216"
    "memorysetup-thread-allocator-block-size=16777216"
    "memorysetup-gfx-main-allocator-block-size=16777216"
    "memorysetup-gfx-thread-allocator-block-size=16777216"
    "memorysetup-cache-allocator-block-size=4194304"
    "memorysetup-typetree-allocator-block-size=2097152"
    "memorysetup-profiler-bucket-allocator-granularity=16"
    "memorysetup-profiler-bucket-allocator-bucket-count=8"
    "memorysetup-profiler-bucket-allocator-block-size=33554432"
    "memorysetup-profiler-bucket-allocator-block-count=8"
    "memorysetup-profiler-allocator-block-size=16777216"
    "memorysetup-profiler-editor-allocator-block-size=1048576"
    "memorysetup-temp-allocator-size-main=16777216"
    "memorysetup-job-temp-allocator-block-size=2097152"
    "memorysetup-job-temp-allocator-block-size-background=1048576"
    "memorysetup-job-temp-allocator-reduction-small-platforms=262144"
    "memorysetup-temp-allocator-size-background-worker=32768"
    "memorysetup-temp-allocator-size-job-worker=262144"
    "memorysetup-temp-allocator-size-preload-manager=33554432"
    "memorysetup-temp-allocator-size-nav-mesh-worker=65536"
    "memorysetup-temp-allocator-size-audio-worker=65536"
    "memorysetup-temp-allocator-size-cloud-worker=32768"
    "memorysetup-temp-allocator-size-gi-baking-worker=262144"
    "memorysetup-temp-allocator-size-gfx=262144"
Player connection [17136] Host "[IP] 172.27.14.233 [Port] 0 [Flags] 2 [Guid] 428092219 [EditorId] 428092219 [Version] 1048832 [Id] WindowsEditor(7,NS00J002011DE16) [Debug] 1 [PackageName] WindowsEditor [ProjectName] Editor" joined multi-casting on [225.0.0.222:54997]...

Player connection [17136] Host "[IP] 172.27.14.233 [Port] 0 [Flags] 2 [Guid] 428092219 [EditorId] 428092219 [Version] 1048832 [Id] WindowsEditor(7,NS00J002011DE16) [Debug] 1 [PackageName] WindowsEditor [ProjectName] Editor" joined alternative multi-casting on [225.0.0.222:34997]...

Refreshing native plugins compatible for Editor in 102.45 ms, found 3 plugins.
Preloading 0 native plugins for Editor in 0.00 ms.
Initialize engine version: 2021.3.26f1 (a16dc32e0ff2)
[Subsystems] Discovering subsystems at path C:/Program Files/Unity/Hub/Editor/2021.3.26f1/Editor/Data/Resources/UnitySubsystems
[Subsystems] Discovering subsystems at path C:/Users/3d7428fd63a27131/Documents/GitHub/TowerDefense/Assets
GfxDevice: creating device client; threaded=0; jobified=0
Direct3D:
    Version:  Direct3D 11.0 [level 11.1]
    Renderer: NVIDIA GeForce RTX 3090 (ID=0x2204)
    Vendor:   NVIDIA
    VRAM:     24340 MB
    Driver:   31.0.15.3161
Initialize mono
Mono path[0] = 'C:/Program Files/Unity/Hub/Editor/2021.3.26f1/Editor/Data/Managed'
Mono path[1] = 'C:/Program Files/Unity/Hub/Editor/2021.3.26f1/Editor/Data/MonoBleedingEdge/lib/mono/unityjit-win32'
Mono config path = 'C:/Program Files/Unity/Hub/Editor/2021.3.26f1/Editor/Data/MonoBleedingEdge/etc'
Using monoOptions --debugger-agent=transport=dt_socket,embedding=1,server=y,suspend=n,address=127.0.0.1:56852
Begin MonoManager ReloadAssembly
Registering precompiled unity dll's ...
Register platform support module: C:/Program Files/Unity/Hub/Editor/2021.3.26f1/Editor/Data/PlaybackEngines/AndroidPlayer/UnityEditor.Android.Extensions.dll
Register platform support module: C:/Program Files/Unity/Hub/Editor/2021.3.26f1/Editor/Data/PlaybackEngines/WindowsStandaloneSupport/UnityEditor.WindowsStandalone.Extensions.dll
Registered in 0.007973 seconds.
Native extension for WindowsStandalone target not found
Native extension for Android target not found
Android Extension - Scanning For ADB Devices 376 ms
Refreshing native plugins compatible for Editor in 67.63 ms, found 3 plugins.
Preloading 0 native plugins for Editor in 0.00 ms.
Mono: successfully reloaded assembly
- Completed reload, in  1.406 seconds
Domain Reload Profiling:
	ReloadAssembly (1407ms)
		BeginReloadAssembly (121ms)
			ExecutionOrderSort (0ms)
			DisableScriptedObjects (0ms)
			BackupInstance (0ms)
			ReleaseScriptingObjects (0ms)
			CreateAndSetChildDomain (1ms)
		EndReloadAssembly (1069ms)
			LoadAssemblies (119ms)
			RebuildTransferFunctionScriptingTraits (0ms)
			SetupTypeCache (237ms)
			ReleaseScriptCaches (0ms)
			RebuildScriptCaches (32ms)
			SetupLoadedEditorAssemblies (737ms)
				LogAssemblyErrors (0ms)
				InitializePlatformSupportModulesInManaged (505ms)
				SetLoadedEditorAssemblies (0ms)
				RefreshPlugins (68ms)
				BeforeProcessingInitializeOnLoad (2ms)
				ProcessInitializeOnLoadAttributes (108ms)
				ProcessInitializeOnLoadMethodAttributes (54ms)
				AfterProcessingInitializeOnLoad (0ms)
				EditorAssembliesLoaded (0ms)
			ExecutionOrderSort2 (0ms)
			AwakeInstancesAfterBackupRestoration (0ms)
Platform modules already initialized, skipping
Registering precompiled user dll's ...
Registered in 0.007871 seconds.
Begin MonoManager ReloadAssembly
Symbol file LoadedFromMemory doesn't match image C:\Users\3d7428fd63a27131\Documents\GitHub\TowerDefense\Library\PackageCache\com.unity.visualscripting@1.8.0\Editor\VisualScripting.Core\Dependencies\YamlDotNet\Unity.VisualScripting.YamlDotNet.dll
Symbol file LoadedFromMemory doesn't match image C:\Users\3d7428fd63a27131\Documents\GitHub\TowerDefense\Library\PackageCache\com.unity.visualscripting@1.8.0\Editor\VisualScripting.Core\Dependencies\DotNetZip\Unity.VisualScripting.IonicZip.dll
Native extension for WindowsStandalone target not found
Native extension for Android target not found
Refreshing native plugins compatible for Editor in 0.44 ms, found 3 plugins.
Preloading 0 native plugins for Editor in 0.00 ms.
Mono: successfully reloaded assembly
- Completed reload, in  1.121 seconds
Domain Reload Profiling:
	ReloadAssembly (1122ms)
		BeginReloadAssembly (132ms)
			ExecutionOrderSort (0ms)
			DisableScriptedObjects (7ms)
			BackupInstance (0ms)
			ReleaseScriptingObjects (0ms)
			CreateAndSetChildDomain (18ms)
		EndReloadAssembly (873ms)
			LoadAssemblies (105ms)
			RebuildTransferFunctionScriptingTraits (0ms)
			SetupTypeCache (295ms)
			ReleaseScriptCaches (0ms)
			RebuildScriptCaches (51ms)
			SetupLoadedEditorAssemblies (372ms)
				LogAssemblyErrors (0ms)
				InitializePlatformSupportModulesInManaged (24ms)
				SetLoadedEditorAssemblies (0ms)
				RefreshPlugins (1ms)
				BeforeProcessingInitializeOnLoad (74ms)
				ProcessInitializeOnLoadAttributes (240ms)
				ProcessInitializeOnLoadMethodAttributes (24ms)
				AfterProcessingInitializeOnLoad (9ms)
				EditorAssembliesLoaded (0ms)
			ExecutionOrderSort2 (0ms)
			AwakeInstancesAfterBackupRestoration (8ms)
Platform modules already initialized, skipping
========================================================================
Worker process is ready to serve import requests
Launched and connected shader compiler UnityShaderCompiler.exe after 0.05 seconds
Refreshing native plugins compatible for Editor in 0.50 ms, found 3 plugins.
Preloading 0 native plugins for Editor in 0.00 ms.
Unloading 3063 Unused Serialized files (Serialized files now loaded: 0)
Unloading 22 unused Assets / (284.4 KB). Loaded Objects now: 3529.
Memory consumption went from 113.1 MB to 112.9 MB.
Total: 3.315100 ms (FindLiveObjects: 0.401100 ms CreateObjectMapping: 0.106500 ms MarkObjects: 2.739000 ms  DeleteObjects: 0.067300 ms)

AssetImportParameters requested are different than current active one (requested -> active):
  custom:video-decoder-ogg-theora: a1e56fd34408186e4bbccfd4996cb3dc -> 
  custom:container-muxer-webm: aa71ff27fc2769a1b78a27578f13a17b -> 
  custom:container-demuxer-webm: 4f35f7cbe854078d1ac9338744f61a02 -> 
  custom:video-encoder-webm-vp8: eb34c28f22e8b96e1ab97ce403110664 -> 
  custom:audio-encoder-webm-vorbis: bf7c407c2cedff20999df2af8eb42d56 -> 
  custom:framework-win-MediaFoundation: 216162199b28c13a410421893ffa2e32 -> 
  custom:container-demuxer-ogg: 62fdf1f143b41e24485cea50d1cbac27 -> 
  custom:video-decoder-webm-vp8: 9c59270c3fd7afecdb556c50c9e8de78 -> 
  custom:audio-decoder-ogg-vorbis: bf7c407c2cedff20999df2af8eb42d56 -> 
========================================================================
Received Prepare
Registering precompiled user dll's ...
Registered in 0.006612 seconds.
Begin MonoManager ReloadAssembly
Symbol file LoadedFromMemory doesn't match image C:\Users\3d7428fd63a27131\Documents\GitHub\TowerDefense\Library\PackageCache\com.unity.visualscripting@1.8.0\Editor\VisualScripting.Core\Dependencies\YamlDotNet\Unity.VisualScripting.YamlDotNet.dll
Symbol file LoadedFromMemory doesn't match image C:\Users\3d7428fd63a27131\Documents\GitHub\TowerDefense\Library\PackageCache\com.unity.visualscripting@1.8.0\Editor\VisualScripting.Core\Dependencies\DotNetZip\Unity.VisualScripting.IonicZip.dll
Native extension for WindowsStandalone target not found
Native extension for Android target not found
Refreshing native plugins compatible for Editor in 0.53 ms, found 3 plugins.
Preloading 0 native plugins for Editor in 0.00 ms.
Mono: successfully reloaded assembly
- Completed reload, in  1.053 seconds
Domain Reload Profiling:
	ReloadAssembly (1054ms)
		BeginReloadAssembly (161ms)
			ExecutionOrderSort (0ms)
			DisableScriptedObjects (6ms)
			BackupInstance (0ms)
			ReleaseScriptingObjects (0ms)
			CreateAndSetChildDomain (32ms)
		EndReloadAssembly (786ms)
			LoadAssemblies (112ms)
			RebuildTransferFunctionScriptingTraits (0ms)
			SetupTypeCache (270ms)
			ReleaseScriptCaches (1ms)
			RebuildScriptCaches (42ms)
			SetupLoadedEditorAssemblies (311ms)
				LogAssemblyErrors (0ms)
				InitializePlatformSupportModulesInManaged (25ms)
				SetLoadedEditorAssemblies (1ms)
				RefreshPlugins (1ms)
				BeforeProcessingInitializeOnLoad (59ms)
				ProcessInitializeOnLoadAttributes (196ms)
				ProcessInitializeOnLoadMethodAttributes (23ms)
				AfterProcessingInitializeOnLoad (8ms)
				EditorAssembliesLoaded (0ms)
			ExecutionOrderSort2 (0ms)
			AwakeInstancesAfterBackupRestoration (7ms)
Platform modules already initialized, skipping
Refreshing native plugins compatible for Editor in 1.94 ms, found 3 plugins.
Preloading 0 native plugins for Editor in 0.00 ms.
Unloading 3055 Unused Serialized files (Serialized files now loaded: 0)
Unloading 15 unused Assets / (24.7 KB). Loaded Objects now: 3532.
Memory consumption went from 112.3 MB to 112.2 MB.
Total: 2.605000 ms (FindLiveObjects: 0.328900 ms CreateObjectMapping: 0.073300 ms MarkObjects: 2.185900 ms  DeleteObjects: 0.015800 ms)

AssetImportParameters requested are different than current active one (requested -> active):
  custom:video-decoder-ogg-theora: a1e56fd34408186e4bbccfd4996cb3dc -> 
  custom:container-muxer-webm: aa71ff27fc2769a1b78a27578f13a17b -> 
  custom:container-demuxer-webm: 4f35f7cbe854078d1ac9338744f61a02 -> 
  custom:video-encoder-webm-vp8: eb34c28f22e8b96e1ab97ce403110664 -> 
  custom:audio-encoder-webm-vorbis: bf7c407c2cedff20999df2af8eb42d56 -> 
  custom:framework-win-MediaFoundation: 216162199b28c13a410421893ffa2e32 -> 
  custom:container-demuxer-ogg: 62fdf1f143b41e24485cea50d1cbac27 -> 
  custom:video-decoder-webm-vp8: 9c59270c3fd7afecdb556c50c9e8de78 -> 
  custom:audio-decoder-ogg-vorbis: bf7c407c2cedff20999df2af8eb42d56 -> 
========================================================================
Received Prepare
Registering precompiled user dll's ...
Registered in 0.005918 seconds.
Begin MonoManager ReloadAssembly
Symbol file LoadedFromMemory doesn't match image C:\Users\3d7428fd63a27131\Documents\GitHub\TowerDefense\Library\PackageCache\com.unity.visualscripting@1.8.0\Editor\VisualScripting.Core\Dependencies\YamlDotNet\Unity.VisualScripting.YamlDotNet.dll
Symbol file LoadedFromMemory doesn't match image C:\Users\3d7428fd63a27131\Documents\GitHub\TowerDefense\Library\PackageCache\com.unity.visualscripting@1.8.0\Editor\VisualScripting.Core\Dependencies\DotNetZip\Unity.VisualScripting.IonicZip.dll
Native extension for WindowsStandalone target not found
Native extension for Android target not found
Refreshing native plugins compatible for Editor in 0.59 ms, found 3 plugins.
Preloading 0 native plugins for Editor in 0.00 ms.
Mono: successfully reloaded assembly
- Completed reload, in  1.052 seconds
Domain Reload Profiling:
	ReloadAssembly (1053ms)
		BeginReloadAssembly (163ms)
			ExecutionOrderSort (0ms)
			DisableScriptedObjects (6ms)
			BackupInstance (0ms)
			ReleaseScriptingObjects (0ms)
			CreateAndSetChildDomain (32ms)
		EndReloadAssembly (785ms)
			LoadAssemblies (111ms)
			RebuildTransferFunctionScriptingTraits (0ms)
			SetupTypeCache (265ms)
			ReleaseScriptCaches (1ms)
			RebuildScriptCaches (43ms)
			SetupLoadedEditorAssemblies (316ms)
				LogAssemblyErrors (0ms)
				InitializePlatformSupportModulesInManaged (25ms)
				SetLoadedEditorAssemblies (1ms)
				RefreshPlugins (1ms)
				BeforeProcessingInitializeOnLoad (59ms)
				ProcessInitializeOnLoadAttributes (199ms)
				ProcessInitializeOnLoadMethodAttributes (24ms)
				AfterProcessingInitializeOnLoad (8ms)
				EditorAssembliesLoaded (0ms)
			ExecutionOrderSort2 (0ms)
			AwakeInstancesAfterBackupRestoration (7ms)
Platform modules already initialized, skipping
Refreshing native plugins compatible for Editor in 2.00 ms, found 3 plugins.
Preloading 0 native plugins for Editor in 0.00 ms.
Unloading 3055 Unused Serialized files (Serialized files now loaded: 0)
Unloading 15 unused Assets / (24.6 KB). Loaded Objects now: 3535.
Memory consumption went from 112.3 MB to 112.2 MB.
Total: 2.961800 ms (FindLiveObjects: 0.403900 ms CreateObjectMapping: 0.082000 ms MarkObjects: 2.457400 ms  DeleteObjects: 0.017300 ms)

AssetImportParameters requested are different than current active one (requested -> active):
  custom:video-decoder-ogg-theora: a1e56fd34408186e4bbccfd4996cb3dc -> 
  custom:container-muxer-webm: aa71ff27fc2769a1b78a27578f13a17b -> 
  custom:container-demuxer-webm: 4f35f7cbe854078d1ac9338744f61a02 -> 
  custom:video-encoder-webm-vp8: eb34c28f22e8b96e1ab97ce403110664 -> 
  custom:audio-encoder-webm-vorbis: bf7c407c2cedff20999df2af8eb42d56 -> 
  custom:framework-win-MediaFoundation: 216162199b28c13a410421893ffa2e32 -> 
  custom:container-demuxer-ogg: 62fdf1f143b41e24485cea50d1cbac27 -> 
  custom:video-decoder-webm-vp8: 9c59270c3fd7afecdb556c50c9e8de78 -> 
  custom:audio-decoder-ogg-vorbis: bf7c407c2cedff20999df2af8eb42d56 -> 
========================================================================
Received Prepare
Registering precompiled user dll's ...
Registered in 0.007081 seconds.
Begin MonoManager ReloadAssembly
Symbol file LoadedFromMemory doesn't match image C:\Users\3d7428fd63a27131\Documents\GitHub\TowerDefense\Library\PackageCache\com.unity.visualscripting@1.8.0\Editor\VisualScripting.Core\Dependencies\YamlDotNet\Unity.VisualScripting.YamlDotNet.dll
Symbol file LoadedFromMemory doesn't match image C:\Users\3d7428fd63a27131\Documents\GitHub\TowerDefense\Library\PackageCache\com.unity.visualscripting@1.8.0\Editor\VisualScripting.Core\Dependencies\DotNetZip\Unity.VisualScripting.IonicZip.dll
Native extension for WindowsStandalone target not found
Native extension for Android target not found
Refreshing native plugins compatible for Editor in 0.45 ms, found 3 plugins.
Preloading 0 native plugins for Editor in 0.00 ms.
Mono: successfully reloaded assembly
- Completed reload, in  1.046 seconds
Domain Reload Profiling:
	ReloadAssembly (1047ms)
		BeginReloadAssembly (164ms)
			ExecutionOrderSort (0ms)
			DisableScriptedObjects (7ms)
			BackupInstance (0ms)
			ReleaseScriptingObjects (0ms)
			CreateAndSetChildDomain (37ms)
		EndReloadAssembly (778ms)
			LoadAssemblies (109ms)
			RebuildTransferFunctionScriptingTraits (0ms)
			SetupTypeCache (263ms)
			ReleaseScriptCaches (1ms)
			RebuildScriptCaches (41ms)
			SetupLoadedEditorAssemblies (314ms)
				LogAssemblyErrors (0ms)
				InitializePlatformSupportModulesInManaged (24ms)
				SetLoadedEditorAssemblies (0ms)
				RefreshPlugins (1ms)
				BeforeProcessingInitializeOnLoad (60ms)
				ProcessInitializeOnLoadAttributes (197ms)
				ProcessInitializeOnLoadMethodAttributes (23ms)
				AfterProcessingInitializeOnLoad (8ms)
				EditorAssembliesLoaded (0ms)
			ExecutionOrderSort2 (0ms)
			AwakeInstancesAfterBackupRestoration (7ms)
Platform modules already initialized, skipping
Refreshing native plugins compatible for Editor in 1.92 ms, found 3 plugins.
Preloading 0 native plugins for Editor in 0.00 ms.
Unloading 3055 Unused Serialized files (Serialized files now loaded: 0)
Unloading 15 unused Assets / (24.6 KB). Loaded Objects now: 3538.
Memory consumption went from 112.3 MB to 112.2 MB.
Total: 2.612600 ms (FindLiveObjects: 0.328200 ms CreateObjectMapping: 0.078700 ms MarkObjects: 2.188600 ms  DeleteObjects: 0.016000 ms)

AssetImportParameters requested are different than current active one (requested -> active):
  custom:video-decoder-ogg-theora: a1e56fd34408186e4bbccfd4996cb3dc -> 
  custom:container-muxer-webm: aa71ff27fc2769a1b78a27578f13a17b -> 
  custom:container-demuxer-webm: 4f35f7cbe854078d1ac9338744f61a02 -> 
  custom:video-encoder-webm-vp8: eb34c28f22e8b96e1ab97ce403110664 -> 
  custom:audio-encoder-webm-vorbis: bf7c407c2cedff20999df2af8eb42d56 -> 
  custom:framework-win-MediaFoundation: 216162199b28c13a410421893ffa2e32 -> 
  custom:container-demuxer-ogg: 62fdf1f143b41e24485cea50d1cbac27 -> 
  custom:video-decoder-webm-vp8: 9c59270c3fd7afecdb556c50c9e8de78 -> 
  custom:audio-decoder-ogg-vorbis: bf7c407c2cedff20999df2af8eb42d56 -> 
========================================================================
Received Prepare
Registering precompiled user dll's ...
Registered in 0.008080 seconds.
Begin MonoManager ReloadAssembly
Symbol file LoadedFromMemory doesn't match image C:\Users\3d7428fd63a27131\Documents\GitHub\TowerDefense\Library\PackageCache\com.unity.visualscripting@1.8.0\Editor\VisualScripting.Core\Dependencies\YamlDotNet\Unity.VisualScripting.YamlDotNet.dll
Symbol file LoadedFromMemory doesn't match image C:\Users\3d7428fd63a27131\Documents\GitHub\TowerDefense\Library\PackageCache\com.unity.visualscripting@1.8.0\Editor\VisualScripting.Core\Dependencies\DotNetZip\Unity.VisualScripting.IonicZip.dll
Native extension for WindowsStandalone target not found
Native extension for Android target not found
Refreshing native plugins compatible for Editor in 0.51 ms, found 3 plugins.
Preloading 0 native plugins for Editor in 0.00 ms.
Mono: successfully reloaded assembly
- Completed reload, in  1.023 seconds
Domain Reload Profiling:
	ReloadAssembly (1024ms)
		BeginReloadAssembly (159ms)
			ExecutionOrderSort (0ms)
			DisableScriptedObjects (7ms)
			BackupInstance (0ms)
			ReleaseScriptingObjects (0ms)
			CreateAndSetChildDomain (30ms)
		EndReloadAssembly (760ms)
			LoadAssemblies (112ms)
			RebuildTransferFunctionScriptingTraits (0ms)
			SetupTypeCache (254ms)
			ReleaseScriptCaches (1ms)
			RebuildScriptCaches (40ms)
			SetupLoadedEditorAssemblies (306ms)
				LogAssemblyErrors (0ms)
				InitializePlatformSupportModulesInManaged (23ms)
				SetLoadedEditorAssemblies (0ms)
				RefreshPlugins (1ms)
				BeforeProcessingInitializeOnLoad (59ms)
				ProcessInitializeOnLoadAttributes (194ms)
				ProcessInitializeOnLoadMethodAttributes (21ms)
				AfterProcessingInitializeOnLoad (8ms)
				EditorAssembliesLoaded (0ms)
			ExecutionOrderSort2 (0ms)
			AwakeInstancesAfterBackupRestoration (7ms)
Platform modules already initialized, skipping
Refreshing native plugins compatible for Editor in 2.08 ms, found 3 plugins.
Preloading 0 native plugins for Editor in 0.00 ms.
Unloading 3055 Unused Serialized files (Serialized files now loaded: 0)
Unloading 15 unused Assets / (24.6 KB). Loaded Objects now: 3541.
Memory consumption went from 112.3 MB to 112.3 MB.
Total: 2.722000 ms (FindLiveObjects: 0.336100 ms CreateObjectMapping: 0.095300 ms MarkObjects: 2.274300 ms  DeleteObjects: 0.015500 ms)

AssetImportParameters requested are different than current active one (requested -> active):
  custom:video-decoder-ogg-theora: a1e56fd34408186e4bbccfd4996cb3dc -> 
  custom:container-muxer-webm: aa71ff27fc2769a1b78a27578f13a17b -> 
  custom:container-demuxer-webm: 4f35f7cbe854078d1ac9338744f61a02 -> 
  custom:video-encoder-webm-vp8: eb34c28f22e8b96e1ab97ce403110664 -> 
  custom:audio-encoder-webm-vorbis: bf7c407c2cedff20999df2af8eb42d56 -> 
  custom:framework-win-MediaFoundation: 216162199b28c13a410421893ffa2e32 -> 
  custom:container-demuxer-ogg: 62fdf1f143b41e24485cea50d1cbac27 -> 
  custom:video-decoder-webm-vp8: 9c59270c3fd7afecdb556c50c9e8de78 -> 
  custom:audio-decoder-ogg-vorbis: bf7c407c2cedff20999df2af8eb42d56 -> 
========================================================================
Received Import Request.
  Time since last request: 59919.063236 seconds.
  path: Assets/Particles/kenney_particle-pack/PNG (Black background)/circle_02.png
  artifactKey: Guid(8e15de63ad447604395f56025409149a) Importer(815301076,1909f56bfc062723c751e8b465ee728b)
Start importing Assets/Particles/kenney_particle-pack/PNG (Black background)/circle_02.png using Guid(8e15de63ad447604395f56025409149a) Importer(815301076,1909f56bfc062723c751e8b465ee728b)  -> (artifact id: 'c4ab52f86ed5c348d6ad4990d24121e9') in 0.149462 seconds 
========================================================================
Received Import Request.
  Time since last request: 0.000026 seconds.
  path: Assets/Particles/kenney_particle-pack/PNG (Black background)/smoke_08.png
  artifactKey: Guid(2a4cfe88020c36f4f8878db4dade980c) Importer(815301076,1909f56bfc062723c751e8b465ee728b)
Start importing Assets/Particles/kenney_particle-pack/PNG (Black background)/smoke_08.png using Guid(2a4cfe88020c36f4f8878db4dade980c) Importer(815301076,1909f56bfc062723c751e8b465ee728b)  -> (artifact id: '17a6f30b2f42d07087870a7ff0b9e4bf') in 0.020976 seconds 
========================================================================
Received Import Request.
  Time since last request: 0.000034 seconds.
  path: Assets/Particles/kenney_particle-pack/PNG (Black background)/scorch_02.png
  artifactKey: Guid(4e810174891015c4b8032c418388582a) Importer(815301076,1909f56bfc062723c751e8b465ee728b)
Start importing Assets/Particles/kenney_particle-pack/PNG (Black background)/scorch_02.png using Guid(4e810174891015c4b8032c418388582a) Importer(815301076,1909f56bfc062723c751e8b465ee728b)  -> (artifact id: 'df1de7472078648aba0a665319aa9ae4') in 0.017918 seconds 
========================================================================
Received Import Request.
  Time since last request: 0.000018 seconds.
  path: Assets/Particles/kenney_particle-pack/PNG (Black background)/trace_05.png
  artifactKey: Guid(dbd8ce05d28edd74c99b408aa3ac478b) Importer(815301076,1909f56bfc062723c751e8b465ee728b)
Start importing Assets/Particles/kenney_particle-pack/PNG (Black background)/trace_05.png using Guid(dbd8ce05d28edd74c99b408aa3ac478b) Importer(815301076,1909f56bfc062723c751e8b465ee728b)  -> (artifact id: '77ed3c2bad45f12619f93e742d4c4ad1') in 0.037057 seconds 
========================================================================
Received Import Request.
  Time since last request: 0.000019 seconds.
  path: Assets/Particles/kenney_particle-pack/PNG (Black background)/magic_02.png
  artifactKey: Guid(dd67676421872214ea3c56b3e2a6a07c) Importer(815301076,1909f56bfc062723c751e8b465ee728b)
Start importing Assets/Particles/kenney_particle-pack/PNG (Black background)/magic_02.png using Guid(dd67676421872214ea3c56b3e2a6a07c) Importer(815301076,1909f56bfc062723c751e8b465ee728b)  -> (artifact id: '2504cf77a2d386cf6e9bca4c27f05dfe') in 0.016273 seconds 
========================================================================
Received Import Request.
  Time since last request: 0.000021 seconds.
  path: Assets/Particles/kenney_particle-pack/PNG (Black background)/star_09.png
  artifactKey: Guid(503bba2902e8b384fb041f80f93e5394) Importer(815301076,1909f56bfc062723c751e8b465ee728b)
Start importing Assets/Particles/kenney_particle-pack/PNG (Black background)/star_09.png using Guid(503bba2902e8b384fb041f80f93e5394) Importer(815301076,1909f56bfc062723c751e8b465ee728b)  -> (artifact id: '6c17519a2b3aeda14e32a90e5c2741f2') in 0.016101 seconds 
========================================================================
Received Import Request.
  Time since last request: 0.000020 seconds.
  path: Assets/Particles/kenney_particle-pack/PNG (Black background)/star_07.png
  artifactKey: Guid(d3c516aaa21aef945a5e8f236bf985b7) Importer(815301076,1909f56bfc062723c751e8b465ee728b)
Start importing Assets/Particles/kenney_particle-pack/PNG (Black background)/star_07.png using Guid(d3c516aaa21aef945a5e8f236bf985b7) Importer(815301076,1909f56bfc062723c751e8b465ee728b)  -> (artifact id: 'ef624d296d9c446d8e69083823949d9b') in 0.018465 seconds 
========================================================================
Received Import Request.
  Time since last request: 0.000061 seconds.
  path: Assets/Particles/kenney_particle-pack/PNG (Black background)/scorch_01.png
  artifactKey: Guid(f6fbcd28f423f2144b05fc626862376e) Importer(815301076,1909f56bfc062723c751e8b465ee728b)
Start importing Assets/Particles/kenney_particle-pack/PNG (Black background)/scorch_01.png using Guid(f6fbcd28f423f2144b05fc626862376e) Importer(815301076,1909f56bfc062723c751e8b465ee728b)  -> (artifact id: '2f3dea6ad2bfd9e72d433ad867c5cbd0') in 0.024782 seconds 
========================================================================
Received Import Request.
  Time since last request: 0.000022 seconds.
  path: Assets/Particles/kenney_particle-pack/PNG (Black background)/slash_01.png
  artifactKey: Guid(821504ee36b509244adfd50215403e80) Importer(815301076,1909f56bfc062723c751e8b465ee728b)
Start importing Assets/Particles/kenney_particle-pack/PNG (Black background)/slash_01.png using Guid(821504ee36b509244adfd50215403e80) Importer(815301076,1909f56bfc062723c751e8b465ee728b)  -> (artifact id: '04bfc8f297d69643c550bb5d13a54268') in 0.017979 seconds 
========================================================================
Received Import Request.
  Time since last request: 0.000020 seconds.
  path: Assets/Particles/kenney_particle-pack/PNG (Black background)/flame_05.png
  artifactKey: Guid(67ca38c8239d2f64e8ef06a711876a59) Importer(815301076,1909f56bfc062723c751e8b465ee728b)
Start importing Assets/Particles/kenney_particle-pack/PNG (Black background)/flame_05.png using Guid(67ca38c8239d2f64e8ef06a711876a59) Importer(815301076,1909f56bfc062723c751e8b465ee728b)  -> (artifact id: 'f5a65349de4cbbf76202abc0c70e3643') in 0.017618 seconds 
========================================================================
Received Import Request.
  Time since last request: 0.000027 seconds.
  path: Assets/Particles/kenney_particle-pack/PNG (Black background)/magic_04.png
  artifactKey: Guid(a8e77ff1e2915a246a894c8ce94f9473) Importer(815301076,1909f56bfc062723c751e8b465ee728b)
Start importing Assets/Particles/kenney_particle-pack/PNG (Black background)/magic_04.png using Guid(a8e77ff1e2915a246a894c8ce94f9473) Importer(815301076,1909f56bfc062723c751e8b465ee728b)  -> (artifact id: 'd9653a8350de5e9d25223feb43c1b3cc') in 0.018674 seconds 
========================================================================
Received Import Request.
  Time since last request: 0.001129 seconds.
  path: Assets/Particles/kenney_particle-pack/PNG (Black background)/star_01.png
  artifactKey: Guid(5c80d80a8934a304593db24a4b5c9c9d) Importer(815301076,1909f56bfc062723c751e8b465ee728b)
Start importing Assets/Particles/kenney_particle-pack/PNG (Black background)/star_01.png using Guid(5c80d80a8934a304593db24a4b5c9c9d) Importer(815301076,1909f56bfc062723c751e8b465ee728b)  -> (artifact id: '82eb3dccb1ee9732fb29b13a616b34f1') in 0.018044 seconds 
========================================================================
Received Import Request.
  Time since last request: 0.000020 seconds.
  path: Assets/Particles/kenney_particle-pack/PNG (Black background)/circle_05.png
  artifactKey: Guid(20b3d4de2fde5c84dabac7af5dac277e) Importer(815301076,1909f56bfc062723c751e8b465ee728b)
Start importing Assets/Particles/kenney_particle-pack/PNG (Black background)/circle_05.png using Guid(20b3d4de2fde5c84dabac7af5dac277e) Importer(815301076,1909f56bfc062723c751e8b465ee728b)  -> (artifact id: '96e3ca60bde45a69dbd619a798e33361') in 0.019186 seconds 
========================================================================
Received Import Request.
  Time since last request: 0.000021 seconds.
  path: Assets/Particles/kenney_particle-pack/PNG (Black background)/slash_04.png
  artifactKey: Guid(44bfa19fbbe16ce4b879ae224cf724e9) Importer(815301076,1909f56bfc062723c751e8b465ee728b)
Start importing Assets/Particles/kenney_particle-pack/PNG (Black background)/slash_04.png using Guid(44bfa19fbbe16ce4b879ae224cf724e9) Importer(815301076,1909f56bfc062723c751e8b465ee728b)  -> (artifact id: '4cc5632a67a953fbad2dc33bc99265bb') in 0.017469 seconds 
========================================================================
Received Import Request.
  Time since last request: 0.000021 seconds.
  path: Assets/Particles/kenney_particle-pack/PNG (Black background)/slash_03.png
  artifactKey: Guid(5a06eab0be31a9b4d9ebe23203b32a6d) Importer(815301076,1909f56bfc062723c751e8b465ee728b)
Start importing Assets/Particles/kenney_particle-pack/PNG (Black background)/slash_03.png using Guid(5a06eab0be31a9b4d9ebe23203b32a6d) Importer(815301076,1909f56bfc062723c751e8b465ee728b)  -> (artifact id: '9dc9810db9caca0deb84582a64994243') in 0.017075 seconds 
========================================================================
Received Import Request.
  Time since last request: 0.000022 seconds.
  path: Assets/Particles/kenney_particle-pack/PNG (Black background)/twirl_01.png
  artifactKey: Guid(4e32202616c05594499b358b4214a2f3) Importer(815301076,1909f56bfc062723c751e8b465ee728b)
Start importing Assets/Particles/kenney_particle-pack/PNG (Black background)/twirl_01.png using Guid(4e32202616c05594499b358b4214a2f3) Importer(815301076,1909f56bfc062723c751e8b465ee728b)  -> (artifact id: '5b598f7ba37789fe7aa363f767b0e423') in 0.018954 seconds 
========================================================================
Received Import Request.
  Time since last request: 0.000025 seconds.
  path: Assets/Particles/kenney_particle-pack/PNG (Black background)/spark_03.png
  artifactKey: Guid(4826afbcd89839c43866a98e692a589e) Importer(815301076,1909f56bfc062723c751e8b465ee728b)
Start importing Assets/Particles/kenney_particle-pack/PNG (Black background)/spark_03.png using Guid(4826afbcd89839c43866a98e692a589e) Importer(815301076,1909f56bfc062723c751e8b465ee728b)  -> (artifact id: '9a42563bdc1bcf509eadc29de2d148d3') in 0.018559 seconds 
========================================================================
Received Import Request.
  Time since last request: 0.000022 seconds.
  path: Assets/Particles/kenney_particle-pack/PNG (Black background)/spark_06.png
  artifactKey: Guid(cce99fc4b931d644bab2c851fafb693b) Importer(815301076,1909f56bfc062723c751e8b465ee728b)
Start importing Assets/Particles/kenney_particle-pack/PNG (Black background)/spark_06.png using Guid(cce99fc4b931d644bab2c851fafb693b) Importer(815301076,1909f56bfc062723c751e8b465ee728b)  -> (artifact id: '510ca30e6263d2c93c68283c60fb32ea') in 0.016863 seconds 
========================================================================
Received Import Request.
  Time since last request: 0.000025 seconds.
  path: Assets/Particles/kenney_particle-pack/PNG (Black background)/flame_03.png
  artifactKey: Guid(b18939236a17e3f44a8bddea4b318a13) Importer(815301076,1909f56bfc062723c751e8b465ee728b)
Start importing Assets/Particles/kenney_particle-pack/PNG (Black background)/flame_03.png using Guid(b18939236a17e3f44a8bddea4b318a13) Importer(815301076,1909f56bfc062723c751e8b465ee728b)  -> (artifact id: '3984da5a34e5a3544289ab76b4dab5b1') in 0.017465 seconds 
========================================================================
Received Import Request.
  Time since last request: 0.000025 seconds.
  path: Assets/Particles/kenney_particle-pack/PNG (Black background)/spark_05.png
  artifactKey: Guid(c7b657b74373a924ba5914d1442909d0) Importer(815301076,1909f56bfc062723c751e8b465ee728b)
Start importing Assets/Particles/kenney_particle-pack/PNG (Black background)/spark_05.png using Guid(c7b657b74373a924ba5914d1442909d0) Importer(815301076,1909f56bfc062723c751e8b465ee728b)  -> (artifact id: 'd7ff4ecf9005494668c05a4701217eee') in 0.018002 seconds 
========================================================================
Received Import Request.
  Time since last request: 0.000022 seconds.
  path: Assets/Particles/kenney_particle-pack/PNG (Black background)/flame_02.png
  artifactKey: Guid(b70d69ebc716458458aef2a9869ea22a) Importer(815301076,1909f56bfc062723c751e8b465ee728b)
Start importing Assets/Particles/kenney_particle-pack/PNG (Black background)/flame_02.png using Guid(b70d69ebc716458458aef2a9869ea22a) Importer(815301076,1909f56bfc062723c751e8b465ee728b)  -> (artifact id: '214ea6af3dae628af8ba283ebc434405') in 0.018039 seconds 
========================================================================
Received Import Request.
  Time since last request: 0.000026 seconds.
  path: Assets/Particles/kenney_particle-pack/PNG (Black background)/light_03.png
  artifactKey: Guid(6a8d021515668ea49a31c97655cd98da) Importer(815301076,1909f56bfc062723c751e8b465ee728b)
Start importing Assets/Particles/kenney_particle-pack/PNG (Black background)/light_03.png using Guid(6a8d021515668ea49a31c97655cd98da) Importer(815301076,1909f56bfc062723c751e8b465ee728b)  -> (artifact id: '6eb6a45c4c0176a417725afbe87dbf10') in 0.017311 seconds 
========================================================================
Received Import Request.
  Time since last request: 0.000033 seconds.
  path: Assets/Particles/kenney_particle-pack/PNG (Black background)/muzzle_05.png
  artifactKey: Guid(538575dad4febef4196d310e40af8b29) Importer(815301076,1909f56bfc062723c751e8b465ee728b)
Start importing Assets/Particles/kenney_particle-pack/PNG (Black background)/muzzle_05.png using Guid(538575dad4febef4196d310e40af8b29) Importer(815301076,1909f56bfc062723c751e8b465ee728b)  -> (artifact id: '651c7396347439daf2a16b3800b4a0ff') in 0.016583 seconds 
========================================================================
Received Import Request.
  Time since last request: 0.000021 seconds.
  path: Assets/Particles/kenney_particle-pack/PNG (Black background)/circle_04.png
  artifactKey: Guid(47ee60365df306a4db90584d3fed65d4) Importer(815301076,1909f56bfc062723c751e8b465ee728b)
Start importing Assets/Particles/kenney_particle-pack/PNG (Black background)/circle_04.png using Guid(47ee60365df306a4db90584d3fed65d4) Importer(815301076,1909f56bfc062723c751e8b465ee728b)  -> (artifact id: '30c275da63b9a397c78dbb71ca8cba2d') in 0.016963 seconds 
========================================================================
Received Import Request.
  Time since last request: 0.000022 seconds.
  path: Assets/Particles/kenney_particle-pack/PNG (Black background)/twirl_03.png
  artifactKey: Guid(7b4d3a38f9cdeb94a80e797d3cd03a71) Importer(815301076,1909f56bfc062723c751e8b465ee728b)
Start importing Assets/Particles/kenney_particle-pack/PNG (Black background)/twirl_03.png using Guid(7b4d3a38f9cdeb94a80e797d3cd03a71) Importer(815301076,1909f56bfc062723c751e8b465ee728b)  -> (artifact id: '85b6775f34ebec63fc2920d82ea2f019') in 0.016957 seconds 
========================================================================
Received Import Request.
  Time since last request: 0.000019 seconds.
  path: Assets/Particles/kenney_particle-pack/PNG (Black background)/flame_04.png
  artifactKey: Guid(d5224ca87ac120141b2b78abf3b74e0e) Importer(815301076,1909f56bfc062723c751e8b465ee728b)
Start importing Assets/Particles/kenney_particle-pack/PNG (Black background)/flame_04.png using Guid(d5224ca87ac120141b2b78abf3b74e0e) Importer(815301076,1909f56bfc062723c751e8b465ee728b)  -> (artifact id: '3602de9e76b9f07eeaaf862cdb427b51') in 0.016499 seconds 
========================================================================
Received Import Request.
  Time since last request: 0.000020 seconds.
  path: Assets/Particles/kenney_particle-pack/PNG (Black background)/window_02.png
  artifactKey: Guid(28e9b3a81f6d87a438fb52e3d55ce69e) Importer(815301076,1909f56bfc062723c751e8b465ee728b)
Start importing Assets/Particles/kenney_particle-pack/PNG (Black background)/window_02.png using Guid(28e9b3a81f6d87a438fb52e3d55ce69e) Importer(815301076,1909f56bfc062723c751e8b465ee728b)  -> (artifact id: '4fc5dcb9ef3422b62fea9d94e0b135e1') in 0.016325 seconds 
========================================================================
Received Import Request.
  Time since last request: 0.000021 seconds.
  path: Assets/Particles/kenney_particle-pack/PNG (Black background)/trace_07.png
  artifactKey: Guid(af7fab36a345954489cf9e18d8ef5b59) Importer(815301076,1909f56bfc062723c751e8b465ee728b)
Start importing Assets/Particles/kenney_particle-pack/PNG (Black background)/trace_07.png using Guid(af7fab36a345954489cf9e18d8ef5b59) Importer(815301076,1909f56bfc062723c751e8b465ee728b)  -> (artifact id: '018958fde5847a3bc9ba949721db1ffc') in 0.016984 seconds 
========================================================================
Received Import Request.
  Time since last request: 0.000019 seconds.
  path: Assets/Particles/kenney_particle-pack/PNG (Black background)/smoke_10.png
  artifactKey: Guid(6d7ed8f50ad9dd74e9a9d9a575834fb6) Importer(815301076,1909f56bfc062723c751e8b465ee728b)
Start importing Assets/Particles/kenney_particle-pack/PNG (Black background)/smoke_10.png using Guid(6d7ed8f50ad9dd74e9a9d9a575834fb6) Importer(815301076,1909f56bfc062723c751e8b465ee728b)  -> (artifact id: '89be1dc47ab2a292cc9945c3b5831ccc') in 0.017202 seconds 
========================================================================
Received Import Request.
  Time since last request: 0.000021 seconds.
  path: Assets/Particles/kenney_particle-pack/PNG (Black background)/star_05.png
  artifactKey: Guid(6cca2773cf4633a488c145349314b842) Importer(815301076,1909f56bfc062723c751e8b465ee728b)
Start importing Assets/Particles/kenney_particle-pack/PNG (Black background)/star_05.png using Guid(6cca2773cf4633a488c145349314b842) Importer(815301076,1909f56bfc062723c751e8b465ee728b)  -> (artifact id: 'e17c0d6ec434a8211f62ffa59fb64a33') in 0.019284 seconds 
========================================================================
Received Import Request.
  Time since last request: 0.000022 seconds.
  path: Assets/Particles/kenney_particle-pack/PNG (Black background)/smoke_03.png
  artifactKey: Guid(218c3c508dfd96746aeb76072d08c2eb) Importer(815301076,1909f56bfc062723c751e8b465ee728b)
Start importing Assets/Particles/kenney_particle-pack/PNG (Black background)/smoke_03.png using Guid(218c3c508dfd96746aeb76072d08c2eb) Importer(815301076,1909f56bfc062723c751e8b465ee728b)  -> (artifact id: '9471601076e0cdb1cf96044abb9e4075') in 0.020697 seconds 
========================================================================
Received Import Request.
  Time since last request: 0.000022 seconds.
  path: Assets/Particles/kenney_particle-pack/PNG (Black background)/muzzle_02.png
  artifactKey: Guid(615a3b24377432b4ab22327e6076ec01) Importer(815301076,1909f56bfc062723c751e8b465ee728b)
Start importing Assets/Particles/kenney_particle-pack/PNG (Black background)/muzzle_02.png using Guid(615a3b24377432b4ab22327e6076ec01) Importer(815301076,1909f56bfc062723c751e8b465ee728b)  -> (artifact id: 'a1c0f2fb5b59b397a4881d6e2c235bf5') in 0.018325 seconds 
========================================================================
Received Import Request.
  Time since last request: 0.000022 seconds.
  path: Assets/Particles/kenney_particle-pack/PNG (Black background)/smoke_06.png
  artifactKey: Guid(a68a921742eb8d74389fe1aad85fd8fe) Importer(815301076,1909f56bfc062723c751e8b465ee728b)
Start importing Assets/Particles/kenney_particle-pack/PNG (Black background)/smoke_06.png using Guid(a68a921742eb8d74389fe1aad85fd8fe) Importer(815301076,1909f56bfc062723c751e8b465ee728b)  -> (artifact id: 'c98be009d304ddce220c0fcd8ca41d45') in 0.019578 seconds 
========================================================================
Received Import Request.
  Time since last request: 0.000029 seconds.
  path: Assets/Particles/kenney_particle-pack/PNG (Black background)/spark_02.png
  artifactKey: Guid(e015c5d34ac201f44a1b5bb2ac46d335) Importer(815301076,1909f56bfc062723c751e8b465ee728b)
Start importing Assets/Particles/kenney_particle-pack/PNG (Black background)/spark_02.png using Guid(e015c5d34ac201f44a1b5bb2ac46d335) Importer(815301076,1909f56bfc062723c751e8b465ee728b)  -> (artifact id: '87bc79938cab66c0355a3478c18b7aba') in 0.020741 seconds 
========================================================================
Received Import Request.
  Time since last request: 0.000021 seconds.
  path: Assets/Particles/kenney_particle-pack/PNG (Black background)/smoke_02.png
  artifactKey: Guid(b628338113f683249886f5a6ce6c8bd3) Importer(815301076,1909f56bfc062723c751e8b465ee728b)
Start importing Assets/Particles/kenney_particle-pack/PNG (Black background)/smoke_02.png using Guid(b628338113f683249886f5a6ce6c8bd3) Importer(815301076,1909f56bfc062723c751e8b465ee728b)  -> (artifact id: '0035b81cf6eb13dd679232f86c0fd60c') in 0.020261 seconds 
========================================================================
Received Import Request.
  Time since last request: 0.000022 seconds.
  path: Assets/Particles/kenney_particle-pack/PNG (Black background)/smoke_01.png
  artifactKey: Guid(d2dec73fe5281f84799f547ca89267e4) Importer(815301076,1909f56bfc062723c751e8b465ee728b)
Start importing Assets/Particles/kenney_particle-pack/PNG (Black background)/smoke_01.png using Guid(d2dec73fe5281f84799f547ca89267e4) Importer(815301076,1909f56bfc062723c751e8b465ee728b)  -> (artifact id: 'b0962f4b4ac7c1cee0b45a13225d8339') in 0.018963 seconds 
========================================================================
Received Import Request.
  Time since last request: 0.000317 seconds.
  path: Assets/Particles/kenney_particle-pack/PNG (Black background)/magic_03.png
  artifactKey: Guid(14fed95e039b47d4d81fefea5af8f136) Importer(815301076,1909f56bfc062723c751e8b465ee728b)
Start importing Assets/Particles/kenney_particle-pack/PNG (Black background)/magic_03.png using Guid(14fed95e039b47d4d81fefea5af8f136) Importer(815301076,1909f56bfc062723c751e8b465ee728b)  -> (artifact id: 'e338dee1860462e87edacf61d69418f0') in 0.020916 seconds 
========================================================================
Received Import Request.
  Time since last request: 0.000023 seconds.
  path: Assets/Particles/kenney_particle-pack/PNG (Black background)/fire_02.png
  artifactKey: Guid(305cd90330ac330479faad43673190a8) Importer(815301076,1909f56bfc062723c751e8b465ee728b)
Start importing Assets/Particles/kenney_particle-pack/PNG (Black background)/fire_02.png using Guid(305cd90330ac330479faad43673190a8) Importer(815301076,1909f56bfc062723c751e8b465ee728b)  -> (artifact id: '72682ca2e09600199d66cd817a76714e') in 0.016595 seconds 
========================================================================
Received Import Request.
  Time since last request: 0.000019 seconds.
  path: Assets/Particles/kenney_particle-pack/PNG (Black background)/slash_02.png
  artifactKey: Guid(44755a2b042214048969a73dba24f6b7) Importer(815301076,1909f56bfc062723c751e8b465ee728b)
Start importing Assets/Particles/kenney_particle-pack/PNG (Black background)/slash_02.png using Guid(44755a2b042214048969a73dba24f6b7) Importer(815301076,1909f56bfc062723c751e8b465ee728b)  -> (artifact id: '6c601860f74e3693d07df47c6d28158e') in 0.016710 seconds 
========================================================================
Received Import Request.
  Time since last request: 0.000023 seconds.
  path: Assets/Particles/kenney_particle-pack/PNG (Black background)/spark_01.png
  artifactKey: Guid(2bf809bb8af6fbd48b25fad98a6f45e4) Importer(815301076,1909f56bfc062723c751e8b465ee728b)
Start importing Assets/Particles/kenney_particle-pack/PNG (Black background)/spark_01.png using Guid(2bf809bb8af6fbd48b25fad98a6f45e4) Importer(815301076,1909f56bfc062723c751e8b465ee728b)  -> (artifact id: '251a84885129837f0d78212bf8ead542') in 0.017005 seconds 
Editor requested this worker to shutdown with reason: Scaling down because of idle timeout
AssetImportWorker is now disconnected from the server
Process exiting
Exiting without the bug reporter. Application will terminate with return code 0